<?xml version="1.0" encoding="UTF-8"?>
<coverage generated="1533993299154" clover="3.2.0">
  <project timestamp="1533993299155" name="All files">
    <metrics statements="52" coveredstatements="49" conditionals="20" coveredconditionals="14" methods="24" coveredmethods="21" elements="96" coveredelements="84" complexity="0" loc="52" ncloc="52" packages="2" files="3" classes="3">
      <package name="components">
        <metrics statements="36" coveredstatements="34" conditionals="20" coveredconditionals="14" methods="15" coveredmethods="13"/>
        <file name="Comments.js" path="/home/ubuntu/workspace/src/shared/components/Comments.js">
          <metrics statements="14" coveredstatements="14" conditionals="6" coveredconditionals="5" methods="6" coveredmethods="6"/>
          <line num="5" count="3" type="stmt"/>
          <line num="11" count="3" type="stmt"/>
          <line num="15" count="3" type="stmt"/>
          <line num="21" count="3" type="stmt"/>
          <line num="24" count="2" type="stmt"/>
          <line num="25" count="2" type="stmt"/>
          <line num="30" count="2" type="cond" truecount="3" falsecount="1"/>
          <line num="31" count="2" type="stmt"/>
          <line num="32" count="4" type="stmt"/>
          <line num="34" count="2" type="stmt"/>
          <line num="36" count="2" type="stmt"/>
          <line num="37" count="2" type="stmt"/>
          <line num="38" count="4" type="stmt"/>
          <line num="44" count="4" type="stmt"/>
        </file>
        <file name="News.js" path="/home/ubuntu/workspace/src/shared/components/News.js">
          <metrics statements="22" coveredstatements="20" conditionals="14" coveredconditionals="9" methods="9" coveredmethods="7"/>
          <line num="6" count="2" type="stmt"/>
          <line num="10" count="0" type="cond" truecount="0" falsecount="2"/>
          <line num="14" count="2" type="stmt"/>
          <line num="31" count="2" type="stmt"/>
          <line num="38" count="2" type="stmt"/>
          <line num="46" count="2" type="stmt"/>
          <line num="55" count="2" type="stmt"/>
          <line num="60" count="2" type="stmt"/>
          <line num="74" count="2" type="stmt"/>
          <line num="77" count="2" type="stmt"/>
          <line num="78" count="2" type="stmt"/>
          <line num="84" count="1" type="cond" truecount="3" falsecount="1"/>
          <line num="85" count="1" type="stmt"/>
          <line num="86" count="2" type="stmt"/>
          <line num="88" count="1" type="stmt"/>
          <line num="90" count="1" type="stmt"/>
          <line num="91" count="1" type="stmt"/>
          <line num="92" count="2" type="stmt"/>
          <line num="96" count="1" type="cond" truecount="1" falsecount="1"/>
          <line num="100" count="4" type="stmt"/>
          <line num="104" count="1" type="stmt"/>
          <line num="107" count="0" type="stmt"/>
        </file>
      </package>
      <package name="pages">
        <metrics statements="16" coveredstatements="15" conditionals="0" coveredconditionals="0" methods="9" coveredmethods="8"/>
        <file name="Home.js" path="/home/ubuntu/workspace/src/shared/pages/Home.js">
          <metrics statements="16" coveredstatements="15" conditionals="0" coveredconditionals="0" methods="9" coveredmethods="8"/>
          <line num="6" count="1" type="stmt"/>
          <line num="15" count="1" type="stmt"/>
          <line num="24" count="1" type="stmt"/>
          <line num="33" count="1" type="stmt"/>
          <line num="41" count="1" type="stmt"/>
          <line num="44" count="2" type="stmt"/>
          <line num="45" count="2" type="stmt"/>
          <line num="50" count="2" type="stmt"/>
          <line num="52" count="2" type="stmt"/>
          <line num="53" count="20" type="stmt"/>
          <line num="55" count="2" type="stmt"/>
          <line num="57" count="2" type="stmt"/>
          <line num="58" count="20" type="stmt"/>
          <line num="62" count="0" type="stmt"/>
          <line num="66" count="4" type="stmt"/>
          <line num="74" count="20" type="stmt"/>
        </file>
      </package>
    </metrics>
  </project>
</coverage>
