{"/home/ubuntu/workspace/src/shared/components/Comments.js": {"path":"/home/ubuntu/workspace/src/shared/components/Comments.js","statementMap":{"0":{"start":{"line":5,"column":19},"end":{"line":9,"column":1}},"1":{"start":{"line":11,"column":13},"end":{"line":13,"column":1}},"2":{"start":{"line":15,"column":16},"end":{"line":19,"column":1}},"3":{"start":{"line":21,"column":13},"end":{"line":21,"column":53}},"4":{"start":{"line":24,"column":8},"end":{"line":24,"column":21}},"5":{"start":{"line":25,"column":8},"end":{"line":27,"column":10}},"6":{"start":{"line":30,"column":8},"end":{"line":41,"column":9}},"7":{"start":{"line":31,"column":27},"end":{"line":33,"column":14}},"8":{"start":{"line":32,"column":16},"end":{"line":32,"column":59}},"9":{"start":{"line":34,"column":12},"end":{"line":40,"column":15}},"10":{"start":{"line":36,"column":16},"end":{"line":36,"column":46}},"11":{"start":{"line":37,"column":16},"end":{"line":39,"column":19}},"12":{"start":{"line":38,"column":55},"end":{"line":38,"column":95}},"13":{"start":{"line":44,"column":8},"end":{"line":54,"column":11}}},"fnMap":{"0":{"name":"(anonymous_0)","decl":{"start":{"line":23,"column":4},"end":{"line":23,"column":5}},"loc":{"start":{"line":23,"column":22},"end":{"line":28,"column":5}},"line":23},"1":{"name":"(anonymous_1)","decl":{"start":{"line":29,"column":4},"end":{"line":29,"column":5}},"loc":{"start":{"line":29,"column":23},"end":{"line":42,"column":5}},"line":29},"2":{"name":"(anonymous_2)","decl":{"start":{"line":31,"column":52},"end":{"line":31,"column":53}},"loc":{"start":{"line":31,"column":64},"end":{"line":33,"column":13}},"line":31},"3":{"name":"(anonymous_3)","decl":{"start":{"line":35,"column":18},"end":{"line":35,"column":19}},"loc":{"start":{"line":35,"column":29},"end":{"line":40,"column":13}},"line":35},"4":{"name":"(anonymous_4)","decl":{"start":{"line":38,"column":41},"end":{"line":38,"column":42}},"loc":{"start":{"line":38,"column":54},"end":{"line":38,"column":96}},"line":38},"5":{"name":"(anonymous_5)","decl":{"start":{"line":43,"column":4},"end":{"line":43,"column":5}},"loc":{"start":{"line":43,"column":12},"end":{"line":55,"column":5}},"line":43}},"branchMap":{"0":{"loc":{"start":{"line":30,"column":8},"end":{"line":41,"column":9}},"type":"if","locations":[{"start":{"line":30,"column":8},"end":{"line":41,"column":9}},{"start":{"line":30,"column":8},"end":{"line":41,"column":9}}],"line":30},"1":{"loc":{"start":{"line":30,"column":11},"end":{"line":30,"column":61}},"type":"binary-expr","locations":[{"start":{"line":30,"column":11},"end":{"line":30,"column":31}},{"start":{"line":30,"column":33},"end":{"line":30,"column":61}}],"line":30},"2":{"loc":{"start":{"line":48,"column":17},"end":{"line":51,"column":29}},"type":"binary-expr","locations":[{"start":{"line":48,"column":17},"end":{"line":48,"column":37}},{"start":{"line":49,"column":16},"end":{"line":51,"column":29}}],"line":48}},"s":{"0":3,"1":3,"2":3,"3":3,"4":2,"5":2,"6":2,"7":2,"8":4,"9":2,"10":2,"11":2,"12":4,"13":4},"f":{"0":2,"1":2,"2":4,"3":2,"4":4,"5":4},"b":{"0":[2,0],"1":[2,2],"2":[4,4]},"_coverageSchema":"332fd63041d2c1bcb487cc26dd0d5f7d97098a6c","hash":"42ceedd250556b965b522f1824ad5100768b4205"}
,"/home/ubuntu/workspace/src/shared/components/News.js": {"path":"/home/ubuntu/workspace/src/shared/components/News.js","statementMap":{"0":{"start":{"line":6,"column":19},"end":{"line":12,"column":1}},"1":{"start":{"line":10,"column":23},"end":{"line":10,"column":57}},"2":{"start":{"line":14,"column":16},"end":{"line":29,"column":1}},"3":{"start":{"line":31,"column":15},"end":{"line":36,"column":1}},"4":{"start":{"line":38,"column":16},"end":{"line":44,"column":1}},"5":{"start":{"line":46,"column":14},"end":{"line":53,"column":1}},"6":{"start":{"line":55,"column":15},"end":{"line":58,"column":1}},"7":{"start":{"line":60,"column":15},"end":{"line":68,"column":1}},"8":{"start":{"line":74,"column":13},"end":{"line":74,"column":53}},"9":{"start":{"line":77,"column":8},"end":{"line":77,"column":16}},"10":{"start":{"line":78,"column":8},"end":{"line":81,"column":10}},"11":{"start":{"line":84,"column":8},"end":{"line":95,"column":9}},"12":{"start":{"line":85,"column":27},"end":{"line":87,"column":14}},"13":{"start":{"line":86,"column":16},"end":{"line":86,"column":59}},"14":{"start":{"line":88,"column":12},"end":{"line":94,"column":15}},"15":{"start":{"line":90,"column":16},"end":{"line":90,"column":46}},"16":{"start":{"line":91,"column":16},"end":{"line":93,"column":19}},"17":{"start":{"line":92,"column":55},"end":{"line":92,"column":95}},"18":{"start":{"line":96,"column":8},"end":{"line":96,"column":73}},"19":{"start":{"line":100,"column":8},"end":{"line":111,"column":14}},"20":{"start":{"line":104,"column":54},"end":{"line":104,"column":73}},"21":{"start":{"line":107,"column":76},"end":{"line":107,"column":95}}},"fnMap":{"0":{"name":"(anonymous_0)","decl":{"start":{"line":10,"column":14},"end":{"line":10,"column":15}},"loc":{"start":{"line":10,"column":23},"end":{"line":10,"column":57}},"line":10},"1":{"name":"(anonymous_1)","decl":{"start":{"line":76,"column":4},"end":{"line":76,"column":5}},"loc":{"start":{"line":76,"column":17},"end":{"line":82,"column":5}},"line":76},"2":{"name":"(anonymous_2)","decl":{"start":{"line":83,"column":4},"end":{"line":83,"column":5}},"loc":{"start":{"line":83,"column":18},"end":{"line":98,"column":5}},"line":83},"3":{"name":"(anonymous_3)","decl":{"start":{"line":85,"column":52},"end":{"line":85,"column":53}},"loc":{"start":{"line":85,"column":64},"end":{"line":87,"column":13}},"line":85},"4":{"name":"(anonymous_4)","decl":{"start":{"line":89,"column":18},"end":{"line":89,"column":19}},"loc":{"start":{"line":89,"column":29},"end":{"line":94,"column":13}},"line":89},"5":{"name":"(anonymous_5)","decl":{"start":{"line":92,"column":41},"end":{"line":92,"column":42}},"loc":{"start":{"line":92,"column":54},"end":{"line":92,"column":96}},"line":92},"6":{"name":"(anonymous_6)","decl":{"start":{"line":99,"column":4},"end":{"line":99,"column":5}},"loc":{"start":{"line":99,"column":12},"end":{"line":112,"column":5}},"line":99},"7":{"name":"(anonymous_7)","decl":{"start":{"line":104,"column":50},"end":{"line":104,"column":51}},"loc":{"start":{"line":104,"column":54},"end":{"line":104,"column":73}},"line":104},"8":{"name":"(anonymous_8)","decl":{"start":{"line":107,"column":72},"end":{"line":107,"column":73}},"loc":{"start":{"line":107,"column":76},"end":{"line":107,"column":95}},"line":107}},"branchMap":{"0":{"loc":{"start":{"line":10,"column":23},"end":{"line":10,"column":57}},"type":"cond-expr","locations":[{"start":{"line":10,"column":39},"end":{"line":10,"column":48}},{"start":{"line":10,"column":51},"end":{"line":10,"column":57}}],"line":10},"1":{"loc":{"start":{"line":84,"column":8},"end":{"line":95,"column":9}},"type":"if","locations":[{"start":{"line":84,"column":8},"end":{"line":95,"column":9}},{"start":{"line":84,"column":8},"end":{"line":95,"column":9}}],"line":84},"2":{"loc":{"start":{"line":84,"column":12},"end":{"line":84,"column":54}},"type":"binary-expr","locations":[{"start":{"line":84,"column":12},"end":{"line":84,"column":32}},{"start":{"line":84,"column":34},"end":{"line":84,"column":54}}],"line":84},"3":{"loc":{"start":{"line":96,"column":36},"end":{"line":96,"column":70}},"type":"cond-expr","locations":[{"start":{"line":96,"column":60},"end":{"line":96,"column":65}},{"start":{"line":96,"column":66},"end":{"line":96,"column":70}}],"line":96},"4":{"loc":{"start":{"line":105,"column":17},"end":{"line":106,"column":71}},"type":"cond-expr","locations":[{"start":{"line":105,"column":41},"end":{"line":105,"column":93}},{"start":{"line":106,"column":17},"end":{"line":106,"column":71}}],"line":105},"5":{"loc":{"start":{"line":108,"column":25},"end":{"line":108,"column":128}},"type":"cond-expr","locations":[{"start":{"line":108,"column":47},"end":{"line":108,"column":96}},{"start":{"line":108,"column":98},"end":{"line":108,"column":128}}],"line":108},"6":{"loc":{"start":{"line":108,"column":47},"end":{"line":108,"column":96}},"type":"cond-expr","locations":[{"start":{"line":108,"column":67},"end":{"line":108,"column":86}},{"start":{"line":108,"column":87},"end":{"line":108,"column":96}}],"line":108}},"s":{"0":2,"1":0,"2":2,"3":2,"4":2,"5":2,"6":2,"7":2,"8":2,"9":2,"10":2,"11":1,"12":1,"13":2,"14":1,"15":1,"16":1,"17":2,"18":1,"19":4,"20":1,"21":0},"f":{"0":0,"1":2,"2":1,"3":2,"4":1,"5":2,"6":4,"7":1,"8":0},"b":{"0":[0,0],"1":[1,0],"2":[1,1],"3":[0,1],"4":[2,2],"5":[4,0],"6":[1,3]},"_coverageSchema":"332fd63041d2c1bcb487cc26dd0d5f7d97098a6c","hash":"14dacbcade3d3e9efc48a66368d662d932115906"}
,"/home/ubuntu/workspace/src/shared/pages/Home.js": {"path":"/home/ubuntu/workspace/src/shared/pages/Home.js","statementMap":{"0":{"start":{"line":6,"column":18},"end":{"line":13,"column":1}},"1":{"start":{"line":15,"column":12},"end":{"line":20,"column":1}},"2":{"start":{"line":24,"column":17},"end":{"line":31,"column":1}},"3":{"start":{"line":33,"column":13},"end":{"line":40,"column":1}},"4":{"start":{"line":41,"column":13},"end":{"line":41,"column":53}},"5":{"start":{"line":44,"column":8},"end":{"line":44,"column":16}},"6":{"start":{"line":45,"column":8},"end":{"line":47,"column":10}},"7":{"start":{"line":50,"column":8},"end":{"line":63,"column":11}},"8":{"start":{"line":52,"column":27},"end":{"line":54,"column":14}},"9":{"start":{"line":53,"column":16},"end":{"line":53,"column":59}},"10":{"start":{"line":55,"column":12},"end":{"line":55,"column":40}},"11":{"start":{"line":57,"column":12},"end":{"line":59,"column":15}},"12":{"start":{"line":58,"column":45},"end":{"line":58,"column":58}},"13":{"start":{"line":62,"column":12},"end":{"line":62,"column":29}},"14":{"start":{"line":66,"column":8},"end":{"line":78,"column":22}},"15":{"start":{"line":74,"column":41},"end":{"line":74,"column":66}}},"fnMap":{"0":{"name":"(anonymous_0)","decl":{"start":{"line":43,"column":4},"end":{"line":43,"column":5}},"loc":{"start":{"line":43,"column":17},"end":{"line":48,"column":5}},"line":43},"1":{"name":"(anonymous_1)","decl":{"start":{"line":49,"column":4},"end":{"line":49,"column":5}},"loc":{"start":{"line":49,"column":23},"end":{"line":64,"column":5}},"line":49},"2":{"name":"(anonymous_2)","decl":{"start":{"line":51,"column":14},"end":{"line":51,"column":15}},"loc":{"start":{"line":51,"column":25},"end":{"line":56,"column":9}},"line":51},"3":{"name":"(anonymous_3)","decl":{"start":{"line":52,"column":56},"end":{"line":52,"column":57}},"loc":{"start":{"line":52,"column":68},"end":{"line":54,"column":13}},"line":52},"4":{"name":"(anonymous_4)","decl":{"start":{"line":56,"column":16},"end":{"line":56,"column":17}},"loc":{"start":{"line":56,"column":27},"end":{"line":60,"column":9}},"line":56},"5":{"name":"(anonymous_5)","decl":{"start":{"line":58,"column":33},"end":{"line":58,"column":34}},"loc":{"start":{"line":58,"column":44},"end":{"line":58,"column":59}},"line":58},"6":{"name":"(anonymous_6)","decl":{"start":{"line":61,"column":15},"end":{"line":61,"column":16}},"loc":{"start":{"line":61,"column":28},"end":{"line":63,"column":9}},"line":61},"7":{"name":"(anonymous_7)","decl":{"start":{"line":65,"column":4},"end":{"line":65,"column":5}},"loc":{"start":{"line":65,"column":12},"end":{"line":79,"column":5}},"line":65},"8":{"name":"(anonymous_8)","decl":{"start":{"line":74,"column":33},"end":{"line":74,"column":34}},"loc":{"start":{"line":74,"column":41},"end":{"line":74,"column":66}},"line":74}},"branchMap":{},"s":{"0":1,"1":1,"2":1,"3":1,"4":1,"5":2,"6":2,"7":2,"8":2,"9":20,"10":2,"11":2,"12":20,"13":0,"14":4,"15":20},"f":{"0":2,"1":2,"2":2,"3":20,"4":2,"5":20,"6":0,"7":4,"8":20},"b":{},"_coverageSchema":"332fd63041d2c1bcb487cc26dd0d5f7d97098a6c","hash":"28192664318691fc3548e9b643d509f42e70dd8f"}
}
