TN:
SF:/home/ubuntu/workspace/src/shared/components/Comments.js
FN:23,(anonymous_0)
FN:29,(anonymous_1)
FN:31,(anonymous_2)
FN:35,(anonymous_3)
FN:38,(anonymous_4)
FN:43,(anonymous_5)
FNF:6
FNH:6
FNDA:2,(anonymous_0)
FNDA:2,(anonymous_1)
FNDA:4,(anonymous_2)
FNDA:2,(anonymous_3)
FNDA:4,(anonymous_4)
FNDA:4,(anonymous_5)
DA:5,3
DA:11,3
DA:15,3
DA:21,3
DA:24,2
DA:25,2
DA:30,2
DA:31,2
DA:32,4
DA:34,2
DA:36,2
DA:37,2
DA:38,4
DA:44,4
LF:14
LH:14
BRDA:30,0,0,2
BRDA:30,0,1,0
BRDA:30,1,0,2
BRDA:30,1,1,2
BRDA:48,2,0,4
BRDA:48,2,1,4
BRF:6
BRH:5
end_of_record
TN:
SF:/home/ubuntu/workspace/src/shared/components/News.js
FN:10,(anonymous_0)
FN:76,(anonymous_1)
FN:83,(anonymous_2)
FN:85,(anonymous_3)
FN:89,(anonymous_4)
FN:92,(anonymous_5)
FN:99,(anonymous_6)
FN:104,(anonymous_7)
FN:107,(anonymous_8)
FNF:9
FNH:7
FNDA:0,(anonymous_0)
FNDA:2,(anonymous_1)
FNDA:1,(anonymous_2)
FNDA:2,(anonymous_3)
FNDA:1,(anonymous_4)
FNDA:2,(anonymous_5)
FNDA:4,(anonymous_6)
FNDA:1,(anonymous_7)
FNDA:0,(anonymous_8)
DA:6,2
DA:10,0
DA:14,2
DA:31,2
DA:38,2
DA:46,2
DA:55,2
DA:60,2
DA:74,2
DA:77,2
DA:78,2
DA:84,1
DA:85,1
DA:86,2
DA:88,1
DA:90,1
DA:91,1
DA:92,2
DA:96,1
DA:100,4
DA:104,1
DA:107,0
LF:22
LH:20
BRDA:10,0,0,0
BRDA:10,0,1,0
BRDA:84,1,0,1
BRDA:84,1,1,0
BRDA:84,2,0,1
BRDA:84,2,1,1
BRDA:96,3,0,0
BRDA:96,3,1,1
BRDA:105,4,0,2
BRDA:105,4,1,2
BRDA:108,5,0,4
BRDA:108,5,1,0
BRDA:108,6,0,1
BRDA:108,6,1,3
BRF:14
BRH:9
end_of_record
TN:
SF:/home/ubuntu/workspace/src/shared/pages/Home.js
FN:43,(anonymous_0)
FN:49,(anonymous_1)
FN:51,(anonymous_2)
FN:52,(anonymous_3)
FN:56,(anonymous_4)
FN:58,(anonymous_5)
FN:61,(anonymous_6)
FN:65,(anonymous_7)
FN:74,(anonymous_8)
FNF:9
FNH:8
FNDA:2,(anonymous_0)
FNDA:2,(anonymous_1)
FNDA:2,(anonymous_2)
FNDA:20,(anonymous_3)
FNDA:2,(anonymous_4)
FNDA:20,(anonymous_5)
FNDA:0,(anonymous_6)
FNDA:4,(anonymous_7)
FNDA:20,(anonymous_8)
DA:6,1
DA:15,1
DA:24,1
DA:33,1
DA:41,1
DA:44,2
DA:45,2
DA:50,2
DA:52,2
DA:53,20
DA:55,2
DA:57,2
DA:58,20
DA:62,0
DA:66,4
DA:74,20
LF:16
LH:15
BRF:0
BRH:0
end_of_record
